<?xml version="1.0" encoding="UTF-8" ?>
<testsuite tests="5" failures="0" name="Stepdefinition.LegumeTest" time="0.052" errors="0" skipped="0">
  <properties>
[...]
</properties>
  <testcase classname="Stepdefinition.LegumeTest" name="TestgetMere" time="0.039"/>
  <testcase classname="Stepdefinition.LegumeTest" name="TestgetName" time="0.001"/>
  <testcase classname="Stepdefinition.LegumeTest" name="TestisSoleil" time="0.008"/>
  <testcase classname="Stepdefinition.LegumeTest" name="testLegume" time="0.002"/>
  <testcase classname="Stepdefinition.LegumeTest" name="TestsetName" time="0.002"/>
</testsuite>